<?xml version="1.0" encoding="UTF-8"?>
<!-- Generated by org.testng.reporters.JUnitReportReporter -->
<testsuite skipped="0" hostname="Administrators-MacBook-Pro-9.local" name="com.qa.tests.GetCityInfo" tests="1" failures="0" timestamp="24 Feb 2018 18:01:17 GMT" time="1.000" errors="0">
  <testcase name="getCityTest" time="1.000" classname="com.qa.tests.GetCityInfo"/>
</testsuite> <!-- com.qa.tests.GetCityInfo -->
