<?xml version="1.0" encoding="UTF-8"?>
<!-- Generated by org.testng.reporters.JUnitReportReporter -->
<testsuite skipped="0" hostname="Administrators-MacBook-Pro-9.local" name="com.qa.tests.CreateCustomerPOSTCallTest" tests="1" failures="0" timestamp="24 Feb 2018 18:01:07 GMT" time="1.717" errors="0">
  <testcase name="createCustomerTest" time="1.717" classname="com.qa.tests.CreateCustomerPOSTCallTest"/>
</testsuite> <!-- com.qa.tests.CreateCustomerPOSTCallTest -->
